This is XeTeX, Version 3.141592653-2.6-0.999996 (TeX Live 2024) (preloaded format=xelatex 2024.4.17)  30 JUL 2024 18:22
entering extended mode
 restricted \write18 enabled.
 file:line:error style messages enabled.
 %&-line parsing enabled.
**/Users/matanlevintov/Developer/Algotrading/Latex_code/main
(/Users/matanlevintov/Developer/Algotrading/Latex_code/main.tex
LaTeX2e <2023-11-01> patch level 1
L3 programming layer <2024-02-20>
(/usr/local/texlive/2024/texmf-dist/tex/latex/base/article.cls
Document Class: article 2023/05/17 v1.4n Standard LaTeX document class
(/usr/local/texlive/2024/texmf-dist/tex/latex/base/size11.clo
File: size11.clo 2023/05/17 v1.4n Standard LaTeX file (size option)
)
\c@part=\count184
\c@section=\count185
\c@subsection=\count186
\c@subsubsection=\count187
\c@paragraph=\count188
\c@subparagraph=\count189
\c@figure=\count190
\c@table=\count191
\abovecaptionskip=\skip48
\belowcaptionskip=\skip49
\bibindent=\dimen140
) (/usr/local/texlive/2024/texmf-dist/tex/latex/graphics/graphicx.sty
Package: graphicx 2021/09/16 v1.2d Enhanced LaTeX Graphics (DPC,SPQR)
 (/usr/local/texlive/2024/texmf-dist/tex/latex/graphics/keyval.sty
Package: keyval 2022/05/29 v1.15 key=value parser (DPC)
\KV@toks@=\toks17
) (/usr/local/texlive/2024/texmf-dist/tex/latex/graphics/graphics.sty
Package: graphics 2022/03/10 v1.4e Standard LaTeX Graphics (DPC,SPQR)
 (/usr/local/texlive/2024/texmf-dist/tex/latex/graphics/trig.sty
Package: trig 2021/08/11 v1.11 sin cos tan (DPC)
) (/usr/local/texlive/2024/texmf-dist/tex/latex/graphics-cfg/graphics.cfg
File: graphics.cfg 2016/06/04 v1.11 sample graphics configuration
)
Package graphics Info: Driver file: xetex.def on input line 107.
 (/usr/local/texlive/2024/texmf-dist/tex/latex/graphics-def/xetex.def
File: xetex.def 2022/09/22 v5.0n Graphics/color driver for xetex
))
\Gin@req@height=\dimen141
\Gin@req@width=\dimen142
) (/usr/local/texlive/2024/texmf-dist/tex/latex/geometry/geometry.sty
Package: geometry 2020/01/02 v5.9 Page Geometry
 (/usr/local/texlive/2024/texmf-dist/tex/generic/iftex/ifvtex.sty
Package: ifvtex 2019/10/25 v1.7 ifvtex legacy package. Use iftex instead.
 (/usr/local/texlive/2024/texmf-dist/tex/generic/iftex/iftex.sty
Package: iftex 2022/02/03 v1.0f TeX engine tests
))
\Gm@cnth=\count192
\Gm@cntv=\count193
\c@Gm@tempcnt=\count194
\Gm@bindingoffset=\dimen143
\Gm@wd@mp=\dimen144
\Gm@odd@mp=\dimen145
\Gm@even@mp=\dimen146
\Gm@layoutwidth=\dimen147
\Gm@layoutheight=\dimen148
\Gm@layouthoffset=\dimen149
\Gm@layoutvoffset=\dimen150
\Gm@dimlist=\toks18
) (/usr/local/texlive/2024/texmf-dist/tex/latex/hyperref/hyperref.sty
Package: hyperref 2024-01-20 v7.01h Hypertext links for LaTeX
 (/usr/local/texlive/2024/texmf-dist/tex/latex/kvsetkeys/kvsetkeys.sty
Package: kvsetkeys 2022-10-05 v1.19 Key value parser (HO)
) (/usr/local/texlive/2024/texmf-dist/tex/generic/kvdefinekeys/kvdefinekeys.sty
Package: kvdefinekeys 2019-12-19 v1.6 Define keys (HO)
) (/usr/local/texlive/2024/texmf-dist/tex/generic/pdfescape/pdfescape.sty
Package: pdfescape 2019/12/09 v1.15 Implements pdfTeX's escape features (HO)
 (/usr/local/texlive/2024/texmf-dist/tex/generic/ltxcmds/ltxcmds.sty
Package: ltxcmds 2023-12-04 v1.26 LaTeX kernel commands for general use (HO)
) (/usr/local/texlive/2024/texmf-dist/tex/generic/pdftexcmds/pdftexcmds.sty
Package: pdftexcmds 2020-06-27 v0.33 Utility functions of pdfTeX for LuaTeX (HO)
 (/usr/local/texlive/2024/texmf-dist/tex/generic/infwarerr/infwarerr.sty
Package: infwarerr 2019/12/03 v1.5 Providing info/warning/error messages (HO)
)
Package pdftexcmds Info: \pdf@primitive is available.
Package pdftexcmds Info: \pdf@ifprimitive is available.
Package pdftexcmds Info: \pdfdraftmode not found.
)) (/usr/local/texlive/2024/texmf-dist/tex/latex/hycolor/hycolor.sty
Package: hycolor 2020-01-27 v1.10 Color options for hyperref/bookmark (HO)
) (/usr/local/texlive/2024/texmf-dist/tex/latex/auxhook/auxhook.sty
Package: auxhook 2019-12-17 v1.6 Hooks for auxiliary files (HO)
) (/usr/local/texlive/2024/texmf-dist/tex/latex/hyperref/nameref.sty
Package: nameref 2023-11-26 v2.56 Cross-referencing by name of section
 (/usr/local/texlive/2024/texmf-dist/tex/latex/refcount/refcount.sty
Package: refcount 2019/12/15 v3.6 Data extraction from label references (HO)
) (/usr/local/texlive/2024/texmf-dist/tex/generic/gettitlestring/gettitlestring.sty
Package: gettitlestring 2019/12/15 v1.6 Cleanup title references (HO)
 (/usr/local/texlive/2024/texmf-dist/tex/latex/kvoptions/kvoptions.sty
Package: kvoptions 2022-06-15 v3.15 Key value format for package options (HO)
))
\c@section@level=\count195
) (/usr/local/texlive/2024/texmf-dist/tex/latex/etoolbox/etoolbox.sty
Package: etoolbox 2020/10/05 v2.5k e-TeX tools for LaTeX (JAW)
\etb@tempcnta=\count196
)
\@linkdim=\dimen151
\Hy@linkcounter=\count197
\Hy@pagecounter=\count198
 (/usr/local/texlive/2024/texmf-dist/tex/latex/hyperref/pd1enc.def
File: pd1enc.def 2024-01-20 v7.01h Hyperref: PDFDocEncoding definition (HO)
) (/usr/local/texlive/2024/texmf-dist/tex/generic/intcalc/intcalc.sty
Package: intcalc 2019/12/15 v1.3 Expandable calculations with integers (HO)
)
\Hy@SavedSpaceFactor=\count199
 (/usr/local/texlive/2024/texmf-dist/tex/latex/hyperref/puenc.def
File: puenc.def 2024-01-20 v7.01h Hyperref: PDF Unicode definition (HO)
)
Package hyperref Info: Hyper figures OFF on input line 4179.
Package hyperref Info: Link nesting OFF on input line 4184.
Package hyperref Info: Hyper index ON on input line 4187.
Package hyperref Info: Plain pages OFF on input line 4194.
Package hyperref Info: Backreferencing OFF on input line 4199.
Package hyperref Info: Implicit mode ON; LaTeX internals redefined.
Package hyperref Info: Bookmarks ON on input line 4446.
\c@Hy@tempcnt=\count266
 (/usr/local/texlive/2024/texmf-dist/tex/latex/url/url.sty
\Urlmuskip=\muskip16
Package: url 2013/09/16  ver 3.4  Verb mode for urls, etc.
)
LaTeX Info: Redefining \url on input line 4784.
\XeTeXLinkMargin=\dimen152
 (/usr/local/texlive/2024/texmf-dist/tex/generic/bitset/bitset.sty
Package: bitset 2019/12/09 v1.3 Handle bit-vector datatype (HO)
 (/usr/local/texlive/2024/texmf-dist/tex/generic/bigintcalc/bigintcalc.sty
Package: bigintcalc 2019/12/15 v1.5 Expandable calculations on big integers (HO)
))
\Fld@menulength=\count267
\Field@Width=\dimen153
\Fld@charsize=\dimen154
Package hyperref Info: Hyper figures OFF on input line 6063.
Package hyperref Info: Link nesting OFF on input line 6068.
Package hyperref Info: Hyper index ON on input line 6071.
Package hyperref Info: backreferencing OFF on input line 6078.
Package hyperref Info: Link coloring OFF on input line 6083.
Package hyperref Info: Link coloring with OCG OFF on input line 6088.
Package hyperref Info: PDF/A mode OFF on input line 6093.
 (/usr/local/texlive/2024/texmf-dist/tex/latex/base/atbegshi-ltx.sty
Package: atbegshi-ltx 2021/01/10 v1.0c Emulation of the original atbegshi
package with kernel methods
)
\Hy@abspage=\count268
\c@Item=\count269
\c@Hfootnote=\count270
)
Package hyperref Info: Driver (autodetected): hxetex.
 (/usr/local/texlive/2024/texmf-dist/tex/latex/hyperref/hxetex.def
File: hxetex.def 2024-01-20 v7.01h Hyperref driver for XeTeX
 (/usr/local/texlive/2024/texmf-dist/tex/generic/stringenc/stringenc.sty
Package: stringenc 2019/11/29 v1.12 Convert strings between diff. encodings (HO)
)
\pdfm@box=\box51
\c@Hy@AnnotLevel=\count271
\HyField@AnnotCount=\count272
\Fld@listcount=\count273
\c@bookmark@seq@number=\count274
 (/usr/local/texlive/2024/texmf-dist/tex/latex/rerunfilecheck/rerunfilecheck.sty
Package: rerunfilecheck 2022-07-10 v1.10 Rerun checks for auxiliary files (HO)
 (/usr/local/texlive/2024/texmf-dist/tex/latex/base/atveryend-ltx.sty
Package: atveryend-ltx 2020/08/19 v1.0a Emulation of the original atveryend package
with kernel methods
) (/usr/local/texlive/2024/texmf-dist/tex/generic/uniquecounter/uniquecounter.sty
Package: uniquecounter 2019/12/15 v1.4 Provide unlimited unique counter (HO)
)
Package uniquecounter Info: New unique counter `rerunfilecheck' on input line 285.
)
\Hy@SectionHShift=\skip50
)
Package hyperref Info: Option `colorlinks' set `true' on input line 6.
 (/usr/local/texlive/2024/texmf-dist/tex/latex/amsmath/amsmath.sty
Package: amsmath 2023/05/13 v2.17o AMS math features
\@mathmargin=\skip51

For additional information on amsmath, use the `?' option.
(/usr/local/texlive/2024/texmf-dist/tex/latex/amsmath/amstext.sty
Package: amstext 2021/08/26 v2.01 AMS text
 (/usr/local/texlive/2024/texmf-dist/tex/latex/amsmath/amsgen.sty
File: amsgen.sty 1999/11/30 v2.0 generic functions
\@emptytoks=\toks19
\ex@=\dimen155
)) (/usr/local/texlive/2024/texmf-dist/tex/latex/amsmath/amsbsy.sty
Package: amsbsy 1999/11/29 v1.2d Bold Symbols
\pmbraise@=\dimen156
) (/usr/local/texlive/2024/texmf-dist/tex/latex/amsmath/amsopn.sty
Package: amsopn 2022/04/08 v2.04 operator names
)
\inf@bad=\count275
LaTeX Info: Redefining \frac on input line 234.
\uproot@=\count276
\leftroot@=\count277
LaTeX Info: Redefining \overline on input line 399.
LaTeX Info: Redefining \colon on input line 410.
\classnum@=\count278
\DOTSCASE@=\count279
LaTeX Info: Redefining \ldots on input line 496.
LaTeX Info: Redefining \dots on input line 499.
LaTeX Info: Redefining \cdots on input line 620.
\Mathstrutbox@=\box52
\strutbox@=\box53
LaTeX Info: Redefining \big on input line 722.
LaTeX Info: Redefining \Big on input line 723.
LaTeX Info: Redefining \bigg on input line 724.
LaTeX Info: Redefining \Bigg on input line 725.
\big@size=\dimen157
LaTeX Font Info:    Redeclaring font encoding OML on input line 743.
LaTeX Font Info:    Redeclaring font encoding OMS on input line 744.
\macc@depth=\count280
LaTeX Info: Redefining \bmod on input line 905.
LaTeX Info: Redefining \pmod on input line 910.
LaTeX Info: Redefining \smash on input line 940.
LaTeX Info: Redefining \relbar on input line 970.
LaTeX Info: Redefining \Relbar on input line 971.
\c@MaxMatrixCols=\count281
\dotsspace@=\muskip17
\c@parentequation=\count282
\dspbrk@lvl=\count283
\tag@help=\toks20
\row@=\count284
\column@=\count285
\maxfields@=\count286
\andhelp@=\toks21
\eqnshift@=\dimen158
\alignsep@=\dimen159
\tagshift@=\dimen160
\tagwidth@=\dimen161
\totwidth@=\dimen162
\lineht@=\dimen163
\@envbody=\toks22
\multlinegap=\skip52
\multlinetaggap=\skip53
\mathdisplay@stack=\toks23
LaTeX Info: Redefining \[ on input line 2953.
LaTeX Info: Redefining \] on input line 2954.
) (/usr/local/texlive/2024/texmf-dist/tex/latex/amsfonts/amssymb.sty
Package: amssymb 2013/01/14 v3.01 AMS font symbols
 (/usr/local/texlive/2024/texmf-dist/tex/latex/amsfonts/amsfonts.sty
Package: amsfonts 2013/01/14 v3.01 Basic AMSFonts support
\symAMSa=\mathgroup4
\symAMSb=\mathgroup5
LaTeX Font Info:    Redeclaring math symbol \hbar on input line 98.
LaTeX Font Info:    Overwriting math alphabet `\mathfrak' in version `bold'
(Font)                  U/euf/m/n --> U/euf/b/n on input line 106.
)) (/usr/local/texlive/2024/texmf-dist/tex/latex/amscls/amsthm.sty
Package: amsthm 2020/05/29 v2.20.6
\thm@style=\toks24
\thm@bodyfont=\toks25
\thm@headfont=\toks26
\thm@notefont=\toks27
\thm@headpunct=\toks28
\thm@preskip=\skip54
\thm@postskip=\skip55
\thm@headsep=\skip56
\dth@everypar=\toks29
) (/usr/local/texlive/2024/texmf-dist/tex/latex/pgf/frontendlayer/tikz.sty (/usr/local/texlive/2024/texmf-dist/tex/latex/pgf/basiclayer/pgf.sty (/usr/local/texlive/2024/texmf-dist/tex/latex/pgf/utilities/pgfrcs.sty (/usr/local/texlive/2024/texmf-dist/tex/generic/pgf/utilities/pgfutil-common.tex
\pgfutil@everybye=\toks30
\pgfutil@tempdima=\dimen164
\pgfutil@tempdimb=\dimen165
) (/usr/local/texlive/2024/texmf-dist/tex/generic/pgf/utilities/pgfutil-latex.def
\pgfutil@abb=\box54
) (/usr/local/texlive/2024/texmf-dist/tex/generic/pgf/utilities/pgfrcs.code.tex (/usr/local/texlive/2024/texmf-dist/tex/generic/pgf/pgf.revision.tex)
Package: pgfrcs 2023-01-15 v3.1.10 (3.1.10)
))
Package: pgf 2023-01-15 v3.1.10 (3.1.10)
 (/usr/local/texlive/2024/texmf-dist/tex/latex/pgf/basiclayer/pgfcore.sty (/usr/local/texlive/2024/texmf-dist/tex/latex/pgf/systemlayer/pgfsys.sty (/usr/local/texlive/2024/texmf-dist/tex/generic/pgf/systemlayer/pgfsys.code.tex
Package: pgfsys 2023-01-15 v3.1.10 (3.1.10)
 (/usr/local/texlive/2024/texmf-dist/tex/generic/pgf/utilities/pgfkeys.code.tex
\pgfkeys@pathtoks=\toks31
\pgfkeys@temptoks=\toks32
 (/usr/local/texlive/2024/texmf-dist/tex/generic/pgf/utilities/pgfkeyslibraryfiltered.code.tex
\pgfkeys@tmptoks=\toks33
))
\pgf@x=\dimen166
\pgf@y=\dimen167
\pgf@xa=\dimen168
\pgf@ya=\dimen169
\pgf@xb=\dimen170
\pgf@yb=\dimen171
\pgf@xc=\dimen172
\pgf@yc=\dimen173
\pgf@xd=\dimen174
\pgf@yd=\dimen175
\w@pgf@writea=\write3
\r@pgf@reada=\read2
\c@pgf@counta=\count287
\c@pgf@countb=\count288
\c@pgf@countc=\count289
\c@pgf@countd=\count290
\t@pgf@toka=\toks34
\t@pgf@tokb=\toks35
\t@pgf@tokc=\toks36
\pgf@sys@id@count=\count291
 (/usr/local/texlive/2024/texmf-dist/tex/generic/pgf/systemlayer/pgf.cfg
File: pgf.cfg 2023-01-15 v3.1.10 (3.1.10)
)
Driver file for pgf: pgfsys-xetex.def
 (/usr/local/texlive/2024/texmf-dist/tex/generic/pgf/systemlayer/pgfsys-xetex.def
File: pgfsys-xetex.def 2023-01-15 v3.1.10 (3.1.10)
 (/usr/local/texlive/2024/texmf-dist/tex/generic/pgf/systemlayer/pgfsys-dvipdfmx.def
File: pgfsys-dvipdfmx.def 2023-01-15 v3.1.10 (3.1.10)
 (/usr/local/texlive/2024/texmf-dist/tex/generic/pgf/systemlayer/pgfsys-common-pdf.def
File: pgfsys-common-pdf.def 2023-01-15 v3.1.10 (3.1.10)
)
\pgfsys@objnum=\count292
))) (/usr/local/texlive/2024/texmf-dist/tex/generic/pgf/systemlayer/pgfsyssoftpath.code.tex
File: pgfsyssoftpath.code.tex 2023-01-15 v3.1.10 (3.1.10)
\pgfsyssoftpath@smallbuffer@items=\count293
\pgfsyssoftpath@bigbuffer@items=\count294
) (/usr/local/texlive/2024/texmf-dist/tex/generic/pgf/systemlayer/pgfsysprotocol.code.tex
File: pgfsysprotocol.code.tex 2023-01-15 v3.1.10 (3.1.10)
)) (/usr/local/texlive/2024/texmf-dist/tex/latex/xcolor/xcolor.sty
Package: xcolor 2023/11/15 v3.01 LaTeX color extensions (UK)
 (/usr/local/texlive/2024/texmf-dist/tex/latex/graphics-cfg/color.cfg
File: color.cfg 2016/01/02 v1.6 sample color configuration
)
Package xcolor Info: Driver file: xetex.def on input line 274.
 (/usr/local/texlive/2024/texmf-dist/tex/latex/graphics/mathcolor.ltx)
Package xcolor Info: Model `cmy' substituted by `cmy0' on input line 1350.
Package xcolor Info: Model `RGB' extended on input line 1366.
Package xcolor Info: Model `HTML' substituted by `rgb' on input line 1368.
Package xcolor Info: Model `Hsb' substituted by `hsb' on input line 1369.
Package xcolor Info: Model `tHsb' substituted by `hsb' on input line 1370.
Package xcolor Info: Model `HSB' substituted by `hsb' on input line 1371.
Package xcolor Info: Model `Gray' substituted by `gray' on input line 1372.
Package xcolor Info: Model `wave' substituted by `hsb' on input line 1373.
) (/usr/local/texlive/2024/texmf-dist/tex/generic/pgf/basiclayer/pgfcore.code.tex
Package: pgfcore 2023-01-15 v3.1.10 (3.1.10)
 (/usr/local/texlive/2024/texmf-dist/tex/generic/pgf/math/pgfmath.code.tex (/usr/local/texlive/2024/texmf-dist/tex/generic/pgf/math/pgfmathutil.code.tex) (/usr/local/texlive/2024/texmf-dist/tex/generic/pgf/math/pgfmathparser.code.tex
\pgfmath@dimen=\dimen176
\pgfmath@count=\count295
\pgfmath@box=\box55
\pgfmath@toks=\toks37
\pgfmath@stack@operand=\toks38
\pgfmath@stack@operation=\toks39
) (/usr/local/texlive/2024/texmf-dist/tex/generic/pgf/math/pgfmathfunctions.code.tex) (/usr/local/texlive/2024/texmf-dist/tex/generic/pgf/math/pgfmathfunctions.basic.code.tex) (/usr/local/texlive/2024/texmf-dist/tex/generic/pgf/math/pgfmathfunctions.trigonometric.code.tex) (/usr/local/texlive/2024/texmf-dist/tex/generic/pgf/math/pgfmathfunctions.random.code.tex) (/usr/local/texlive/2024/texmf-dist/tex/generic/pgf/math/pgfmathfunctions.comparison.code.tex) (/usr/local/texlive/2024/texmf-dist/tex/generic/pgf/math/pgfmathfunctions.base.code.tex) (/usr/local/texlive/2024/texmf-dist/tex/generic/pgf/math/pgfmathfunctions.round.code.tex) (/usr/local/texlive/2024/texmf-dist/tex/generic/pgf/math/pgfmathfunctions.misc.code.tex) (/usr/local/texlive/2024/texmf-dist/tex/generic/pgf/math/pgfmathfunctions.integerarithmetics.code.tex) (/usr/local/texlive/2024/texmf-dist/tex/generic/pgf/math/pgfmathcalc.code.tex) (/usr/local/texlive/2024/texmf-dist/tex/generic/pgf/math/pgfmathfloat.code.tex
\c@pgfmathroundto@lastzeros=\count296
)) (/usr/local/texlive/2024/texmf-dist/tex/generic/pgf/math/pgfint.code.tex) (/usr/local/texlive/2024/texmf-dist/tex/generic/pgf/basiclayer/pgfcorepoints.code.tex
File: pgfcorepoints.code.tex 2023-01-15 v3.1.10 (3.1.10)
\pgf@picminx=\dimen177
\pgf@picmaxx=\dimen178
\pgf@picminy=\dimen179
\pgf@picmaxy=\dimen180
\pgf@pathminx=\dimen181
\pgf@pathmaxx=\dimen182
\pgf@pathminy=\dimen183
\pgf@pathmaxy=\dimen184
\pgf@xx=\dimen185
\pgf@xy=\dimen186
\pgf@yx=\dimen187
\pgf@yy=\dimen188
\pgf@zx=\dimen189
\pgf@zy=\dimen190
) (/usr/local/texlive/2024/texmf-dist/tex/generic/pgf/basiclayer/pgfcorepathconstruct.code.tex
File: pgfcorepathconstruct.code.tex 2023-01-15 v3.1.10 (3.1.10)
\pgf@path@lastx=\dimen191
\pgf@path@lasty=\dimen192
) (/usr/local/texlive/2024/texmf-dist/tex/generic/pgf/basiclayer/pgfcorepathusage.code.tex
File: pgfcorepathusage.code.tex 2023-01-15 v3.1.10 (3.1.10)
\pgf@shorten@end@additional=\dimen193
\pgf@shorten@start@additional=\dimen194
) (/usr/local/texlive/2024/texmf-dist/tex/generic/pgf/basiclayer/pgfcorescopes.code.tex
File: pgfcorescopes.code.tex 2023-01-15 v3.1.10 (3.1.10)
\pgfpic=\box56
\pgf@hbox=\box57
\pgf@layerbox@main=\box58
\pgf@picture@serial@count=\count297
) (/usr/local/texlive/2024/texmf-dist/tex/generic/pgf/basiclayer/pgfcoregraphicstate.code.tex
File: pgfcoregraphicstate.code.tex 2023-01-15 v3.1.10 (3.1.10)
\pgflinewidth=\dimen195
) (/usr/local/texlive/2024/texmf-dist/tex/generic/pgf/basiclayer/pgfcoretransformations.code.tex
File: pgfcoretransformations.code.tex 2023-01-15 v3.1.10 (3.1.10)
\pgf@pt@x=\dimen196
\pgf@pt@y=\dimen197
\pgf@pt@temp=\dimen198
) (/usr/local/texlive/2024/texmf-dist/tex/generic/pgf/basiclayer/pgfcorequick.code.tex
File: pgfcorequick.code.tex 2023-01-15 v3.1.10 (3.1.10)
) (/usr/local/texlive/2024/texmf-dist/tex/generic/pgf/basiclayer/pgfcoreobjects.code.tex
File: pgfcoreobjects.code.tex 2023-01-15 v3.1.10 (3.1.10)
) (/usr/local/texlive/2024/texmf-dist/tex/generic/pgf/basiclayer/pgfcorepathprocessing.code.tex
File: pgfcorepathprocessing.code.tex 2023-01-15 v3.1.10 (3.1.10)
) (/usr/local/texlive/2024/texmf-dist/tex/generic/pgf/basiclayer/pgfcorearrows.code.tex
File: pgfcorearrows.code.tex 2023-01-15 v3.1.10 (3.1.10)
\pgfarrowsep=\dimen199
) (/usr/local/texlive/2024/texmf-dist/tex/generic/pgf/basiclayer/pgfcoreshade.code.tex
File: pgfcoreshade.code.tex 2023-01-15 v3.1.10 (3.1.10)
\pgf@max=\dimen256
\pgf@sys@shading@range@num=\count298
\pgf@shadingcount=\count299
) (/usr/local/texlive/2024/texmf-dist/tex/generic/pgf/basiclayer/pgfcoreimage.code.tex
File: pgfcoreimage.code.tex 2023-01-15 v3.1.10 (3.1.10)
) (/usr/local/texlive/2024/texmf-dist/tex/generic/pgf/basiclayer/pgfcoreexternal.code.tex
File: pgfcoreexternal.code.tex 2023-01-15 v3.1.10 (3.1.10)
\pgfexternal@startupbox=\box59
) (/usr/local/texlive/2024/texmf-dist/tex/generic/pgf/basiclayer/pgfcorelayers.code.tex
File: pgfcorelayers.code.tex 2023-01-15 v3.1.10 (3.1.10)
) (/usr/local/texlive/2024/texmf-dist/tex/generic/pgf/basiclayer/pgfcoretransparency.code.tex
File: pgfcoretransparency.code.tex 2023-01-15 v3.1.10 (3.1.10)
) (/usr/local/texlive/2024/texmf-dist/tex/generic/pgf/basiclayer/pgfcorepatterns.code.tex
File: pgfcorepatterns.code.tex 2023-01-15 v3.1.10 (3.1.10)
) (/usr/local/texlive/2024/texmf-dist/tex/generic/pgf/basiclayer/pgfcorerdf.code.tex
File: pgfcorerdf.code.tex 2023-01-15 v3.1.10 (3.1.10)
))) (/usr/local/texlive/2024/texmf-dist/tex/generic/pgf/modules/pgfmoduleshapes.code.tex
File: pgfmoduleshapes.code.tex 2023-01-15 v3.1.10 (3.1.10)
\pgfnodeparttextbox=\box60
) (/usr/local/texlive/2024/texmf-dist/tex/generic/pgf/modules/pgfmoduleplot.code.tex
File: pgfmoduleplot.code.tex 2023-01-15 v3.1.10 (3.1.10)
) (/usr/local/texlive/2024/texmf-dist/tex/latex/pgf/compatibility/pgfcomp-version-0-65.sty
Package: pgfcomp-version-0-65 2023-01-15 v3.1.10 (3.1.10)
\pgf@nodesepstart=\dimen257
\pgf@nodesepend=\dimen258
) (/usr/local/texlive/2024/texmf-dist/tex/latex/pgf/compatibility/pgfcomp-version-1-18.sty
Package: pgfcomp-version-1-18 2023-01-15 v3.1.10 (3.1.10)
)) (/usr/local/texlive/2024/texmf-dist/tex/latex/pgf/utilities/pgffor.sty (/usr/local/texlive/2024/texmf-dist/tex/latex/pgf/utilities/pgfkeys.sty (/usr/local/texlive/2024/texmf-dist/tex/generic/pgf/utilities/pgfkeys.code.tex)) (/usr/local/texlive/2024/texmf-dist/tex/latex/pgf/math/pgfmath.sty (/usr/local/texlive/2024/texmf-dist/tex/generic/pgf/math/pgfmath.code.tex)) (/usr/local/texlive/2024/texmf-dist/tex/generic/pgf/utilities/pgffor.code.tex
Package: pgffor 2023-01-15 v3.1.10 (3.1.10)
\pgffor@iter=\dimen259
\pgffor@skip=\dimen260
\pgffor@stack=\toks40
\pgffor@toks=\toks41
)) (/usr/local/texlive/2024/texmf-dist/tex/generic/pgf/frontendlayer/tikz/tikz.code.tex
Package: tikz 2023-01-15 v3.1.10 (3.1.10)
 (/usr/local/texlive/2024/texmf-dist/tex/generic/pgf/libraries/pgflibraryplothandlers.code.tex
File: pgflibraryplothandlers.code.tex 2023-01-15 v3.1.10 (3.1.10)
\pgf@plot@mark@count=\count300
\pgfplotmarksize=\dimen261
)
\tikz@lastx=\dimen262
\tikz@lasty=\dimen263
\tikz@lastxsaved=\dimen264
\tikz@lastysaved=\dimen265
\tikz@lastmovetox=\dimen266
\tikz@lastmovetoy=\dimen267
\tikzleveldistance=\dimen268
\tikzsiblingdistance=\dimen269
\tikz@figbox=\box61
\tikz@figbox@bg=\box62
\tikz@tempbox=\box63
\tikz@tempbox@bg=\box64
\tikztreelevel=\count301
\tikznumberofchildren=\count302
\tikznumberofcurrentchild=\count303
\tikz@fig@count=\count304
 (/usr/local/texlive/2024/texmf-dist/tex/generic/pgf/modules/pgfmodulematrix.code.tex
File: pgfmodulematrix.code.tex 2023-01-15 v3.1.10 (3.1.10)
\pgfmatrixcurrentrow=\count305
\pgfmatrixcurrentcolumn=\count306
\pgf@matrix@numberofcolumns=\count307
)
\tikz@expandcount=\count308
 (/usr/local/texlive/2024/texmf-dist/tex/generic/pgf/frontendlayer/tikz/libraries/tikzlibrarytopaths.code.tex
File: tikzlibrarytopaths.code.tex 2023-01-15 v3.1.10 (3.1.10)
))) (/usr/local/texlive/2024/texmf-dist/tex/latex/tikz-cd/tikz-cd.sty
Package: tikz-cd 2021/05/04 v1.0 Commutative diagrams with TikZ
 (/usr/local/texlive/2024/texmf-dist/tex/generic/tikz-cd/tikzlibrarycd.code.tex (/usr/local/texlive/2024/texmf-dist/tex/generic/pgf/frontendlayer/tikz/libraries/tikzlibrarymatrix.code.tex
File: tikzlibrarymatrix.code.tex 2023-01-15 v3.1.10 (3.1.10)
) (/usr/local/texlive/2024/texmf-dist/tex/generic/pgf/frontendlayer/tikz/libraries/tikzlibraryquotes.code.tex
File: tikzlibraryquotes.code.tex 2023-01-15 v3.1.10 (3.1.10)
) (/usr/local/texlive/2024/texmf-dist/tex/generic/pgf/libraries/pgflibraryarrows.meta.code.tex
File: pgflibraryarrows.meta.code.tex 2023-01-15 v3.1.10 (3.1.10)
\pgfarrowinset=\dimen270
\pgfarrowlength=\dimen271
\pgfarrowwidth=\dimen272
\pgfarrowlinewidth=\dimen273
))) (/usr/local/texlive/2024/texmf-dist/tex/latex/caption/subcaption.sty
Package: subcaption 2023/07/28 v1.6b Sub-captions (AR)
 (/usr/local/texlive/2024/texmf-dist/tex/latex/caption/caption.sty
Package: caption 2023/08/05 v3.6o Customizing captions (AR)
 (/usr/local/texlive/2024/texmf-dist/tex/latex/caption/caption3.sty
Package: caption3 2023/07/31 v2.4d caption3 kernel (AR)
\caption@tempdima=\dimen274
\captionmargin=\dimen275
\caption@leftmargin=\dimen276
\caption@rightmargin=\dimen277
\caption@width=\dimen278
\caption@indent=\dimen279
\caption@parindent=\dimen280
\caption@hangindent=\dimen281
Package caption Info: Standard document class detected.
)
\c@caption@flags=\count309
\c@continuedfloat=\count310
Package caption Info: hyperref package is loaded.
)
Package caption Info: New subtype `subfigure' on input line 238.
\c@subfigure=\count311
Package caption Info: New subtype `subtable' on input line 238.
\c@subtable=\count312
) (/usr/local/texlive/2024/texmf-dist/tex/latex/cancel/cancel.sty
Package: cancel 2013/04/12 v2.2 Cancel math terms
) (/usr/local/texlive/2024/texmf-dist/tex/latex/float/float.sty
Package: float 2001/11/08 v1.3d Float enhancements (AL)
\c@float@type=\count313
\float@exts=\toks42
\float@box=\box65
\@float@everytoks=\toks43
\@floatcapt=\box66
) (/usr/local/texlive/2024/texmf-dist/tex/latex/enumitem/enumitem.sty
Package: enumitem 2019/06/20 v3.9 Customized lists
\labelindent=\skip57
\enit@outerparindent=\dimen282
\enit@toks=\toks44
\enit@inbox=\box67
\enit@count@id=\count314
\enitdp@description=\count315
) (/usr/local/texlive/2024/texmf-dist/tex/latex/base/fontenc.sty
Package: fontenc 2021/04/29 v2.0v Standard LaTeX package
LaTeX Font Info:    Trying to load font information for T1+lmr on input line 112.
 (/usr/local/texlive/2024/texmf-dist/tex/latex/lm/t1lmr.fd
File: t1lmr.fd 2015/05/01 v1.6.1 Font defs for Latin Modern
)) (/usr/local/texlive/2024/texmf-dist/tex/latex/lm/lmodern.sty
Package: lmodern 2015/05/01 v1.6.1 Latin Modern Fonts
LaTeX Font Info:    Overwriting symbol font `operators' in version `normal'
(Font)                  OT1/cmr/m/n --> OT1/lmr/m/n on input line 22.
LaTeX Font Info:    Overwriting symbol font `letters' in version `normal'
(Font)                  OML/cmm/m/it --> OML/lmm/m/it on input line 23.
LaTeX Font Info:    Overwriting symbol font `symbols' in version `normal'
(Font)                  OMS/cmsy/m/n --> OMS/lmsy/m/n on input line 24.
LaTeX Font Info:    Overwriting symbol font `largesymbols' in version `normal'
(Font)                  OMX/cmex/m/n --> OMX/lmex/m/n on input line 25.
LaTeX Font Info:    Overwriting symbol font `operators' in version `bold'
(Font)                  OT1/cmr/bx/n --> OT1/lmr/bx/n on input line 26.
LaTeX Font Info:    Overwriting symbol font `letters' in version `bold'
(Font)                  OML/cmm/b/it --> OML/lmm/b/it on input line 27.
LaTeX Font Info:    Overwriting symbol font `symbols' in version `bold'
(Font)                  OMS/cmsy/b/n --> OMS/lmsy/b/n on input line 28.
LaTeX Font Info:    Overwriting symbol font `largesymbols' in version `bold'
(Font)                  OMX/cmex/m/n --> OMX/lmex/m/n on input line 29.
LaTeX Font Info:    Overwriting math alphabet `\mathbf' in version `normal'
(Font)                  OT1/cmr/bx/n --> OT1/lmr/bx/n on input line 31.
LaTeX Font Info:    Overwriting math alphabet `\mathsf' in version `normal'
(Font)                  OT1/cmss/m/n --> OT1/lmss/m/n on input line 32.
LaTeX Font Info:    Overwriting math alphabet `\mathit' in version `normal'
(Font)                  OT1/cmr/m/it --> OT1/lmr/m/it on input line 33.
LaTeX Font Info:    Overwriting math alphabet `\mathtt' in version `normal'
(Font)                  OT1/cmtt/m/n --> OT1/lmtt/m/n on input line 34.
LaTeX Font Info:    Overwriting math alphabet `\mathbf' in version `bold'
(Font)                  OT1/cmr/bx/n --> OT1/lmr/bx/n on input line 35.
LaTeX Font Info:    Overwriting math alphabet `\mathsf' in version `bold'
(Font)                  OT1/cmss/bx/n --> OT1/lmss/bx/n on input line 36.
LaTeX Font Info:    Overwriting math alphabet `\mathit' in version `bold'
(Font)                  OT1/cmr/bx/it --> OT1/lmr/bx/it on input line 37.
LaTeX Font Info:    Overwriting math alphabet `\mathtt' in version `bold'
(Font)                  OT1/cmtt/m/n --> OT1/lmtt/m/n on input line 38.
) (/usr/local/texlive/2024/texmf-dist/tex/latex/todonotes/todonotes.sty
Package: todonotes 2024/01/05 v1.1.7 Todonotes source and documentation.
Package: todonotes 2024/01/05
 (/usr/local/texlive/2024/texmf-dist/tex/latex/base/ifthen.sty
Package: ifthen 2022/04/13 v1.1d Standard LaTeX ifthen package (DPC)
) (/usr/local/texlive/2024/texmf-dist/tex/latex/xkeyval/xkeyval.sty
Package: xkeyval 2022/06/16 v2.9 package option processing (HA)
 (/usr/local/texlive/2024/texmf-dist/tex/generic/xkeyval/xkeyval.tex (/usr/local/texlive/2024/texmf-dist/tex/generic/xkeyval/xkvutils.tex
\XKV@toks=\toks45
\XKV@tempa@toks=\toks46
)
\XKV@depth=\count316
File: xkeyval.tex 2014/12/03 v2.7a key=value parser (HA)
)) (/usr/local/texlive/2024/texmf-dist/tex/generic/pgf/frontendlayer/tikz/libraries/tikzlibrarypositioning.code.tex
File: tikzlibrarypositioning.code.tex 2023-01-15 v3.1.10 (3.1.10)
) (/usr/local/texlive/2024/texmf-dist/tex/latex/tools/calc.sty
Package: calc 2023/07/08 v4.3 Infix arithmetic (KKT,FJ)
\calc@Acount=\count317
\calc@Bcount=\count318
\calc@Adimen=\dimen283
\calc@Bdimen=\dimen284
\calc@Askip=\skip58
\calc@Bskip=\skip59
LaTeX Info: Redefining \setlength on input line 80.
LaTeX Info: Redefining \addtolength on input line 81.
\calc@Ccount=\count319
\calc@Cskip=\skip60
)
\c@@todonotes@numberoftodonotes=\count320
) (/usr/local/texlive/2024/texmf-dist/tex/latex/polyglossia/polyglossia.sty
Package: polyglossia 2024/03/07 v2.1 Modern multilingual typesetting with XeLaTeX and LuaLaTeX
 (/usr/local/texlive/2024/texmf-dist/tex/latex/fontspec/fontspec.sty (/usr/local/texlive/2024/texmf-dist/tex/latex/l3packages/xparse/xparse.sty (/usr/local/texlive/2024/texmf-dist/tex/latex/l3kernel/expl3.sty
Package: expl3 2024-02-20 L3 programming layer (loader) 
 (/usr/local/texlive/2024/texmf-dist/tex/latex/l3backend/l3backend-xetex.def
File: l3backend-xetex.def 2024-02-20 L3 backend support: XeTeX
\g__graphics_track_int=\count321
\l__pdf_internal_box=\box68
\g__pdf_backend_object_int=\count322
\g__pdf_backend_annotation_int=\count323
\g__pdf_backend_link_int=\count324
))
Package: xparse 2024-02-18 L3 Experimental document command parser
)
Package: fontspec 2024/02/13 v2.9a Font selection for XeLaTeX and LuaLaTeX
 (/usr/local/texlive/2024/texmf-dist/tex/latex/fontspec/fontspec-xetex.sty
Package: fontspec-xetex 2024/02/13 v2.9a Font selection for XeLaTeX and LuaLaTeX
\l__fontspec_script_int=\count325
\l__fontspec_language_int=\count326
\l__fontspec_strnum_int=\count327
\l__fontspec_tmp_int=\count328
\l__fontspec_tmpa_int=\count329
\l__fontspec_tmpb_int=\count330
\l__fontspec_tmpc_int=\count331
\l__fontspec_em_int=\count332
\l__fontspec_emdef_int=\count333
\l__fontspec_strong_int=\count334
\l__fontspec_strongdef_int=\count335
\l__fontspec_tmpa_dim=\dimen285
\l__fontspec_tmpb_dim=\dimen286
\l__fontspec_tmpc_dim=\dimen287
 (/usr/local/texlive/2024/texmf-dist/tex/latex/base/fontenc.sty
Package: fontenc 2021/04/29 v2.0v Standard LaTeX package
) (/usr/local/texlive/2024/texmf-dist/tex/latex/fontspec/fontspec.cfg))) (/usr/local/texlive/2024/texmf-dist/tex/latex/polyglossia/gloss-latex.ldf
File: gloss-latex.ldf polyglossia: module for default language
)
Package polyglossia Info: Default language is latex.
) (/usr/local/texlive/2024/texmf-dist/tex/latex/polyglossia/gloss-hebrew.ldf
File: gloss-hebrew.ldf polyglossia: module for Hebrew
 (/usr/local/texlive/2024/texmf-dist/tex/xelatex/bidi/bidi.sty
Package: bidi 2023/08/02 v39.8 (Release Donald Ervin Knuth) Bidirectional typesetting in plain TeX and LaTeX

****************************************************
* 
* bidi package (Bidirectional typesetting in
* plain TeX and LaTeX, using XeTeX engine)
* 
* Description: A convenient interface for
* typesetting bidirectional texts in plain TeX
* and LaTeX. The package includes adaptations
* for use with many other commonly-used packages.
* 
* Copyright (c) 2007--2023 Vafa Khalighi
* Copyright (c) 2018--2020 bidi-tex GitHub organization
* 
* v39.8 (Release Donald Ervin Knuth), 2023/08/02
* 
* License: LaTeX Project Public License, version
* 1.3c or higher (your choice)
* 
* Location on CTAN: /macros/xetex/latex/bidi
* 
* Issue tracker: https://github.com/kvafa/bidi/issues
* 
* Discussions: https://github.com/kvafa/bidi/discussions
* 
* Primary author of bidi package: Vafa Khalighi.
* 
****************************************************
(/usr/local/texlive/2024/texmf-dist/tex/xelatex/bidi/biditools.sty
Package: biditools 2022/06/15 v2.3 Programming tools for bidi package
\@bidi@envbody=\toks47
\@bidi@emptytoks=\toks48
\bidi@poscount=\count336
\bidi@tempcountb=\count337
\bidi@temptoksa=\toks49
\bidi@temptoksb=\toks50
\bidi@dummies=\count338
\bidi@are@these@correct=\toks51
\bidi@toks@lista=\toks52
\bidi@toks@listb=\toks53
\bidi@stack@length=\count339
\bidi@empty@stack=\toks54
\bidi@looprepeat@depth=\count340
) (/usr/local/texlive/2024/texmf-dist/tex/latex/zref/zref-abspage.sty
Package: zref-abspage 2023-09-14 v2.35 Module abspage for zref (HO)
 (/usr/local/texlive/2024/texmf-dist/tex/latex/zref/zref-base.sty
Package: zref-base 2023-09-14 v2.35 Module base for zref (HO)
 (/usr/local/texlive/2024/texmf-dist/tex/generic/etexcmds/etexcmds.sty
Package: etexcmds 2019/12/15 v1.7 Avoid name clashes with e-TeX commands (HO)
)
Package zref Info: New property list: main on input line 767.
Package zref Info: New property: default on input line 768.
Package zref Info: New property: page on input line 769.
)
\c@abspage=\count341
Package zref Info: New property: abspage on input line 67.
)
\@bidi@copyins@=\insert252
 (/usr/local/texlive/2024/texmf-dist/tex/xelatex/bidi/latex-xetex-bidi.def
File: latex-xetex-bidi.def 2022/07/04 v1.4.9 bidi adaptations for `latex.ltx' for XeTeX engine
\bidi@n@everypar=\toks55
\bidi@column@check@number=\count342
 (/usr/local/texlive/2024/texmf-dist/tex/xelatex/bidi/footnote-xetex-bidi.def
File: footnote-xetex-bidi.def 2023/01/18 v1.2 bidi footnote macros for XeTeX engine
\c@footdir@label=\count343
\footdir@toks=\toks56
) (/usr/local/texlive/2024/texmf-dist/tex/xelatex/bidi/article-xetex-bidi.def
File: article-xetex-bidi.def 2017/06/09 v0.6 bidi adaptations for standard article class for XeTeX engine
) (/usr/local/texlive/2024/texmf-dist/tex/xelatex/bidi/amsmath-xetex-bidi.def
File: amsmath-xetex-bidi.def 2020/05/16 v1.2 bidi adaptations for amsmath package for XeTeX engine
) (/usr/local/texlive/2024/texmf-dist/tex/xelatex/bidi/amstext-xetex-bidi.def
File: amstext-xetex-bidi.def 2016/09/12 v0.2 bidi adaptations for amstext package for XeTeX engine
) (/usr/local/texlive/2024/texmf-dist/tex/xelatex/bidi/amsthm-xetex-bidi.def
File: amsthm-xetex-bidi.def 2010/07/25 v0.1 bidi adaptations for amsthm package for XeTeX engine
) (/usr/local/texlive/2024/texmf-dist/tex/xelatex/bidi/caption-xetex-bidi.def
File: caption-xetex-bidi.def 2010/07/25 v0.1 bidi adaptations for caption package for XeTeX engine
) (/usr/local/texlive/2024/texmf-dist/tex/xelatex/bidi/caption3-xetex-bidi.def
File: caption3-xetex-bidi.def 2013/04/01 v0.1 bidi adaptations for caption3 package for XeTeX engine
) (/usr/local/texlive/2024/texmf-dist/tex/xelatex/bidi/color-xetex-bidi.def
File: color-xetex-bidi.def 2013/04/08 v0.2 bidi adaptations for color package for XeTeX engine
LaTeX Info: Redefining \color on input line 49.
) (/usr/local/texlive/2024/texmf-dist/tex/xelatex/bidi/xcolor-xetex-bidi.def
File: xcolor-xetex-bidi.def 2022/06/13 v0.3 bidi adaptations for xcolor package for XeTeX engine
LaTeX Info: Redefining \color on input line 48.
LaTeX Info: Redefining \bidicolor on input line 91.
) (/usr/local/texlive/2024/texmf-dist/tex/xelatex/bidi/float-xetex-bidi.def
File: float-xetex-bidi.def 2013/04/04 v0.2 bidi adaptations for float package for XeTeX engine
) (/usr/local/texlive/2024/texmf-dist/tex/xelatex/bidi/graphicx-xetex-bidi.def
File: graphicx-xetex-bidi.def 2017/06/17 v0.5 bidi adaptations for graphicx package for XeTeX engine
) (/usr/local/texlive/2024/texmf-dist/tex/xelatex/bidi/geometry-xetex-bidi.def
File: geometry-xetex-bidi.def 2017/01/14 v0.2 bidi adaptations for geometry package for XeTeX engine
) (/usr/local/texlive/2024/texmf-dist/tex/xelatex/bidi/hyperref-xetex-bidi.def
File: hyperref-xetex-bidi.def 2018/11/11 v1.1 bidi adaptations for hyperref package for XeTeX engine
) (/usr/local/texlive/2024/texmf-dist/tex/xelatex/bidi/pgfcorescopes.code-xetex-bidi.def
File: pgfcorescopes.code-xetex-bidi.def 2015/11/14 v0.1 bidi adaptations for pgf package for XeTeX engine
) (/usr/local/texlive/2024/texmf-dist/tex/xelatex/bidi/pgfsys.code-xetex-bidi.def
File: pgfsys.code-xetex-bidi.def 2022/06/01 v0.1 bidi adaptations for pgfsys.code.tex file for XeTeX engine
) (/usr/local/texlive/2024/texmf-dist/tex/xelatex/bidi/todonotes-xetex-bidi.def
File: todonotes-xetex-bidi.def 2016/11/08 v0.4 bidi adaptations for todonotes package for XeTeX engine
)) (/usr/local/texlive/2024/texmf-dist/tex/xelatex/bidi/loadingorder-xetex-bidi.def
File: loadingorder-xetex-bidi.def 2017/12/29 v0.97 making sure that bidi is the last package loaded
)
\bidi@digits=\count344
\bidi@digits@charclass=\XeTeXcharclass1
\bidi@sepmark@charclass=\XeTeXcharclass2
) (/usr/local/texlive/2024/texmf-dist/tex/latex/polyglossia/hebrewcal.sty
Package: hebrewcal 2022/07/18 v2.8 Hebrew calendar for polyglossia (adapted from hebcal.sty in Babel)
 (/usr/local/texlive/2024/texmf-dist/tex/latex/polyglossia/cal-util.def
\c@tmpA=\count345
\c@tmpB=\count346
\c@tmpC=\count347
\c@tmpD=\count348
\c@tmpE=\count349
\c@tmpF=\count350
)
\hebrewday=\count351
\hebrewmonth=\count352
\hebrewyear=\count353
\@common=\count354
)
Package polyglossia Info: Option: Hebrew, numerals=arabic.
Package polyglossia Info: Option: Hebrew, numerals=arabic.
Package polyglossia Info: Option: Hebrew, calendar=gregorian.
 (/usr/local/texlive/2024/texmf-dist/tex/latex/polyglossia/babel-hebrewalph.def
File: babel-hebrewalph.def 2023/06/01 Expandable definitions for Hebrew numerals
))
Package polyglossia Info: Default language is hebrew.
 (/usr/local/texlive/2024/texmf-dist/tex/latex/polyglossia/gloss-english.ldf
File: gloss-english.ldf polyglossia: module for English
Package polyglossia Info: Option: English, variant=american.
)

Package fontspec Info: Arial scale = 0.8311539639799423.


Package fontspec Info: Arial scale = 0.8311539639799423.


Package fontspec Info: Arial/B scale = 0.8311539639799423.


Package fontspec Info: Arial/I scale = 0.8311539639799423.


Package fontspec Info: Arial/BI scale = 0.8311539639799423.


Package fontspec Info: Font family 'Arial(0)' created for font 'Arial' with
(fontspec)             options
(fontspec)             [Mapping=tex-text,Scale=MatchLowercase,Script=Hebrew].
(fontspec)              
(fontspec)              This font family consists of the following NFSS
(fontspec)             series/shapes:
(fontspec)              
(fontspec)             - 'normal' (m/n) with NFSS spec.:
(fontspec)             <->s*[0.8311539639799423]"Arial/OT:script=hebr;language=dflt;mapping=tex-text;"
(fontspec)             - 'small caps'  (m/sc) with NFSS spec.: 
(fontspec)             - 'bold' (b/n) with NFSS spec.:
(fontspec)             <->s*[0.8311539639799423]"Arial/B/OT:script=hebr;language=dflt;mapping=tex-text;"
(fontspec)             - 'bold small caps'  (b/sc) with NFSS spec.: 
(fontspec)             - 'italic' (m/it) with NFSS spec.:
(fontspec)             <->s*[0.8311539639799423]"Arial/I/OT:script=hebr;language=dflt;mapping=tex-text;"
(fontspec)             - 'italic small caps'  (m/scit) with NFSS spec.: 
(fontspec)             - 'bold italic' (b/it) with NFSS spec.:
(fontspec)             <->s*[0.8311539639799423]"Arial/BI/OT:script=hebr;language=dflt;mapping=tex-text;"
(fontspec)             - 'bold italic small caps'  (b/scit) with NFSS spec.: 

 (./main.aux)
\openout1 = `main.aux'.

LaTeX Font Info:    Checking defaults for OML/cmm/m/it on input line 58.
LaTeX Font Info:    ... okay on input line 58.
LaTeX Font Info:    Checking defaults for OMS/cmsy/m/n on input line 58.
LaTeX Font Info:    ... okay on input line 58.
LaTeX Font Info:    Checking defaults for OT1/cmr/m/n on input line 58.
LaTeX Font Info:    ... okay on input line 58.
LaTeX Font Info:    Checking defaults for T1/cmr/m/n on input line 58.
LaTeX Font Info:    ... okay on input line 58.
LaTeX Font Info:    Checking defaults for TS1/cmr/m/n on input line 58.
LaTeX Font Info:    Trying to load font information for TS1+cmr on input line 58.
 (/usr/local/texlive/2024/texmf-dist/tex/latex/base/ts1cmr.fd
File: ts1cmr.fd 2023/04/13 v2.5m Standard LaTeX font definitions
)
LaTeX Font Info:    ... okay on input line 58.
LaTeX Font Info:    Checking defaults for TU/lmr/m/n on input line 58.
LaTeX Font Info:    ... okay on input line 58.
LaTeX Font Info:    Checking defaults for OMX/cmex/m/n on input line 58.
LaTeX Font Info:    ... okay on input line 58.
LaTeX Font Info:    Checking defaults for U/cmr/m/n on input line 58.
LaTeX Font Info:    ... okay on input line 58.
LaTeX Font Info:    Checking defaults for PD1/pdf/m/n on input line 58.
LaTeX Font Info:    ... okay on input line 58.
LaTeX Font Info:    Checking defaults for PU/pdf/m/n on input line 58.
LaTeX Font Info:    ... okay on input line 58.

*geometry* driver: auto-detecting
*geometry* detected driver: xetex
*geometry* verbose mode - [ preamble ] result:
* driver: xetex
* paper: a4paper
* layout: <same size as paper>
* layoutoffset:(h,v)=(0.0pt,0.0pt)
* modes: 
* h-part:(L,W,R)=(89.62709pt, 418.25368pt, 89.6271pt)
* v-part:(T,H,B)=(101.40665pt, 591.5302pt, 152.11pt)
* \paperwidth=597.50787pt
* \paperheight=845.04684pt
* \textwidth=418.25368pt
* \textheight=591.5302pt
* \oddsidemargin=17.3571pt
* \evensidemargin=17.3571pt
* \topmargin=-7.86334pt
* \headheight=12.0pt
* \headsep=25.0pt
* \topskip=11.0pt
* \footskip=30.0pt
* \marginparwidth=50.0pt
* \marginparsep=10.0pt
* \columnsep=10.0pt
* \skip\footins=10.0pt plus 4.0pt minus 2.0pt
* \hoffset=0.0pt
* \voffset=0.0pt
* \mag=1000
* \@twocolumnfalse
* \@twosidefalse
* \@mparswitchfalse
* \@reversemarginfalse
* (1in=72.27pt=25.4mm, 1cm=28.453pt)

Package hyperref Info: Link coloring ON on input line 58.
(./main.out) (./main.out)
\@outlinefile=\write4
\openout4 = `main.out'.

Package caption Info: Begin \AtBeginDocument code.
Package caption Info: float package is loaded.
Package caption Info: End \AtBeginDocument code.


Package todonotes Warning: The length marginparwidth is less than 2cm and will most likely cause issues with the appearance of inserted todonotes. The issue can be solved by adding a line like \setlength {\marginparwidth }{2cm} prior to loading the todonotes package. on input line 58.

LaTeX Font Info:    Font shape `TU/Arial(0)/m/n' will be
(Font)              scaled to size 9.10121pt on input line 58.
LaTeX Font Info:    Font shape `TU/Arial(0)/m/n' will be
(Font)              scaled to size 14.36246pt on input line 68.
LaTeX Info: Redefining \rmfamily on input line 68.
LaTeX Info: Redefining \sffamily on input line 68.
LaTeX Info: Redefining \ttfamily on input line 68.
LaTeX Font Info:    Font shape `TU/Arial(0)/m/n' will be
(Font)              scaled to size 9.97394pt on input line 68.
LaTeX Font Info:    Trying to load font information for OT1+lmr on input line 68.
(/usr/local/texlive/2024/texmf-dist/tex/latex/lm/ot1lmr.fd
File: ot1lmr.fd 2015/05/01 v1.6.1 Font defs for Latin Modern
)
LaTeX Font Info:    Trying to load font information for OML+lmm on input line 68.
 (/usr/local/texlive/2024/texmf-dist/tex/latex/lm/omllmm.fd
File: omllmm.fd 2015/05/01 v1.6.1 Font defs for Latin Modern
)
LaTeX Font Info:    Trying to load font information for OMS+lmsy on input line 68.
 (/usr/local/texlive/2024/texmf-dist/tex/latex/lm/omslmsy.fd
File: omslmsy.fd 2015/05/01 v1.6.1 Font defs for Latin Modern
)
LaTeX Font Info:    Trying to load font information for OMX+lmex on input line 68.
 (/usr/local/texlive/2024/texmf-dist/tex/latex/lm/omxlmex.fd
File: omxlmex.fd 2015/05/01 v1.6.1 Font defs for Latin Modern
)
LaTeX Font Info:    External font `lmex10' loaded for size
(Font)              <12> on input line 68.
LaTeX Font Info:    External font `lmex10' loaded for size
(Font)              <8> on input line 68.
LaTeX Font Info:    External font `lmex10' loaded for size
(Font)              <6> on input line 68.
LaTeX Font Info:    Trying to load font information for U+msa on input line 68.
 (/usr/local/texlive/2024/texmf-dist/tex/latex/amsfonts/umsa.fd
File: umsa.fd 2013/01/14 v3.01 AMS symbols A
)
LaTeX Font Info:    Trying to load font information for U+msb on input line 68.
 (/usr/local/texlive/2024/texmf-dist/tex/latex/amsfonts/umsb.fd
File: umsb.fd 2013/01/14 v3.01 AMS symbols B
)
LaTeX Font Info:    Font shape `TU/Arial(0)/m/n' will be
(Font)              scaled to size 11.96872pt on input line 68.
LaTeX Font Info:    Font shape `TU/Arial(0)/b/n' will be
(Font)              scaled to size 11.96872pt on input line 68.
LaTeX Info: Redefining \rmfamily on input line 69.
LaTeX Info: Redefining \sffamily on input line 69.
LaTeX Info: Redefining \ttfamily on input line 69.
LaTeX Info: Redefining \rmfamily on input line 69.
LaTeX Info: Redefining \sffamily on input line 69.
LaTeX Info: Redefining \ttfamily on input line 69.
LaTeX Info: Redefining \rmfamily on input line 69.
LaTeX Info: Redefining \sffamily on input line 69.
LaTeX Info: Redefining \ttfamily on input line 69.
LaTeX Info: Redefining \rmfamily on input line 69.
LaTeX Info: Redefining \sffamily on input line 69.
LaTeX Info: Redefining \ttfamily on input line 69.
LaTeX Info: Redefining \rmfamily on input line 69.
LaTeX Info: Redefining \sffamily on input line 69.
LaTeX Info: Redefining \ttfamily on input line 69.
LaTeX Info: Redefining \rmfamily on input line 69.
LaTeX Info: Redefining \sffamily on input line 69.
LaTeX Info: Redefining \ttfamily on input line 69.
LaTeX Info: Redefining \rmfamily on input line 69.
LaTeX Info: Redefining \sffamily on input line 69.
LaTeX Info: Redefining \ttfamily on input line 69.
LaTeX Info: Redefining \rmfamily on input line 69.
LaTeX Info: Redefining \sffamily on input line 69.
LaTeX Info: Redefining \ttfamily on input line 69.
LaTeX Info: Redefining \rmfamily on input line 69.
LaTeX Info: Redefining \sffamily on input line 69.
LaTeX Info: Redefining \ttfamily on input line 69.
File: Chronos Pretrained Model.png Graphic file (type bmp)
<Chronos Pretrained Model.png>
LaTeX Info: Redefining \rmfamily on input line 73.
LaTeX Info: Redefining \sffamily on input line 73.
LaTeX Info: Redefining \ttfamily on input line 73.
LaTeX Info: Redefining \rmfamily on input line 73.
LaTeX Info: Redefining \sffamily on input line 73.
LaTeX Info: Redefining \ttfamily on input line 73.
LaTeX Info: Redefining \rmfamily on input line 75.
LaTeX Info: Redefining \sffamily on input line 75.
LaTeX Info: Redefining \ttfamily on input line 75.
LaTeX Info: Redefining \rmfamily on input line 75.
LaTeX Info: Redefining \sffamily on input line 75.
LaTeX Info: Redefining \ttfamily on input line 75.
LaTeX Info: Redefining \rmfamily on input line 75.
LaTeX Info: Redefining \sffamily on input line 75.
LaTeX Info: Redefining \ttfamily on input line 75.
LaTeX Info: Redefining \rmfamily on input line 75.
LaTeX Info: Redefining \sffamily on input line 75.
LaTeX Info: Redefining \ttfamily on input line 75.
LaTeX Info: Redefining \rmfamily on input line 75.
LaTeX Info: Redefining \sffamily on input line 75.
LaTeX Info: Redefining \ttfamily on input line 75.
LaTeX Info: Redefining \rmfamily on input line 77.
LaTeX Info: Redefining \sffamily on input line 77.
LaTeX Info: Redefining \ttfamily on input line 77.
LaTeX Info: Redefining \rmfamily on input line 77.
LaTeX Info: Redefining \sffamily on input line 77.
LaTeX Info: Redefining \ttfamily on input line 77.
LaTeX Info: Redefining \rmfamily on input line 79.
LaTeX Info: Redefining \sffamily on input line 79.
LaTeX Info: Redefining \ttfamily on input line 79.
LaTeX Info: Redefining \rmfamily on input line 79.
LaTeX Info: Redefining \sffamily on input line 79.
LaTeX Info: Redefining \ttfamily on input line 79.
 [1

]
LaTeX Info: Redefining \rmfamily on input line 82.
LaTeX Info: Redefining \sffamily on input line 82.
LaTeX Info: Redefining \ttfamily on input line 82.
LaTeX Info: Redefining \rmfamily on input line 82.
LaTeX Info: Redefining \sffamily on input line 82.
LaTeX Info: Redefining \ttfamily on input line 82.
LaTeX Info: Redefining \rmfamily on input line 82.
LaTeX Info: Redefining \sffamily on input line 82.
LaTeX Info: Redefining \ttfamily on input line 82.
LaTeX Info: Redefining \rmfamily on input line 82.
LaTeX Info: Redefining \sffamily on input line 82.
LaTeX Info: Redefining \ttfamily on input line 82.
LaTeX Info: Redefining \rmfamily on input line 82.
LaTeX Info: Redefining \sffamily on input line 82.
LaTeX Info: Redefining \ttfamily on input line 82.
LaTeX Font Info:    External font `lmex10' loaded for size
(Font)              <10.95> on input line 82.
LaTeX Info: Redefining \rmfamily on input line 82.
LaTeX Info: Redefining \sffamily on input line 82.
LaTeX Info: Redefining \ttfamily on input line 82.
LaTeX Info: Redefining \rmfamily on input line 82.
LaTeX Info: Redefining \sffamily on input line 82.
LaTeX Info: Redefining \ttfamily on input line 82.
LaTeX Info: Redefining \rmfamily on input line 82.
LaTeX Info: Redefining \sffamily on input line 82.
LaTeX Info: Redefining \ttfamily on input line 82.
File: Data.png Graphic file (type bmp)
<Data.png>
 [2]
LaTeX Font Info:    Font shape `TU/Arial(0)/b/n' will be
(Font)              scaled to size 9.97394pt on input line 90.
File: bitcoin_stats.png Graphic file (type bmp)
<bitcoin_stats.png>
LaTeX Info: Redefining \rmfamily on input line 94.
LaTeX Info: Redefining \sffamily on input line 94.
LaTeX Info: Redefining \ttfamily on input line 94.
LaTeX Info: Redefining \rmfamily on input line 94.
LaTeX Info: Redefining \sffamily on input line 94.
LaTeX Info: Redefining \ttfamily on input line 94.
File: ethereum_stats.png Graphic file (type bmp)
<ethereum_stats.png>
LaTeX Info: Redefining \rmfamily on input line 100.
LaTeX Info: Redefining \sffamily on input line 100.
LaTeX Info: Redefining \ttfamily on input line 100.
LaTeX Info: Redefining \rmfamily on input line 100.
LaTeX Info: Redefining \sffamily on input line 100.
LaTeX Info: Redefining \ttfamily on input line 100.
LaTeX Info: Redefining \rmfamily on input line 103.
LaTeX Info: Redefining \sffamily on input line 103.
LaTeX Info: Redefining \ttfamily on input line 103.
LaTeX Info: Redefining \rmfamily on input line 103.
LaTeX Info: Redefining \sffamily on input line 103.
LaTeX Info: Redefining \ttfamily on input line 103.
LaTeX Info: Redefining \rmfamily on input line 103.
LaTeX Info: Redefining \sffamily on input line 103.
LaTeX Info: Redefining \ttfamily on input line 103.
LaTeX Info: Redefining \rmfamily on input line 103.
LaTeX Info: Redefining \sffamily on input line 103.
LaTeX Info: Redefining \ttfamily on input line 103.
LaTeX Info: Redefining \rmfamily on input line 103.
LaTeX Info: Redefining \sffamily on input line 103.
LaTeX Info: Redefining \ttfamily on input line 103.
LaTeX Info: Redefining \rmfamily on input line 103.
LaTeX Info: Redefining \sffamily on input line 103.
LaTeX Info: Redefining \ttfamily on input line 103.
 [3]
File: Data_cleaning.png Graphic file (type bmp)
<Data_cleaning.png>
LaTeX Info: Redefining \rmfamily on input line 115.
LaTeX Info: Redefining \sffamily on input line 115.
LaTeX Info: Redefining \ttfamily on input line 115.
LaTeX Info: Redefining \rmfamily on input line 115.
LaTeX Info: Redefining \sffamily on input line 115.
LaTeX Info: Redefining \ttfamily on input line 115.
LaTeX Info: Redefining \rmfamily on input line 115.
LaTeX Info: Redefining \sffamily on input line 115.
LaTeX Info: Redefining \ttfamily on input line 115.
LaTeX Info: Redefining \rmfamily on input line 117.
LaTeX Info: Redefining \sffamily on input line 117.
LaTeX Info: Redefining \ttfamily on input line 117.
LaTeX Info: Redefining \rmfamily on input line 117.
LaTeX Info: Redefining \sffamily on input line 117.
LaTeX Info: Redefining \ttfamily on input line 117.
LaTeX Info: Redefining \rmfamily on input line 118.
LaTeX Info: Redefining \sffamily on input line 118.
LaTeX Info: Redefining \ttfamily on input line 118.
LaTeX Info: Redefining \rmfamily on input line 118.
LaTeX Info: Redefining \sffamily on input line 118.
LaTeX Info: Redefining \ttfamily on input line 118.
LaTeX Info: Redefining \rmfamily on input line 119.
LaTeX Info: Redefining \sffamily on input line 119.
LaTeX Info: Redefining \ttfamily on input line 119.
LaTeX Info: Redefining \rmfamily on input line 119.
LaTeX Info: Redefining \sffamily on input line 119.
LaTeX Info: Redefining \ttfamily on input line 119.
LaTeX Info: Redefining \rmfamily on input line 120.
LaTeX Info: Redefining \sffamily on input line 120.
LaTeX Info: Redefining \ttfamily on input line 120.
LaTeX Info: Redefining \rmfamily on input line 120.
LaTeX Info: Redefining \sffamily on input line 120.
LaTeX Info: Redefining \ttfamily on input line 120.
LaTeX Info: Redefining \rmfamily on input line 121.
LaTeX Info: Redefining \sffamily on input line 121.
LaTeX Info: Redefining \ttfamily on input line 121.
LaTeX Info: Redefining \rmfamily on input line 121.
LaTeX Info: Redefining \sffamily on input line 121.
LaTeX Info: Redefining \ttfamily on input line 121.
LaTeX Info: Redefining \rmfamily on input line 122.
LaTeX Info: Redefining \sffamily on input line 122.
LaTeX Info: Redefining \ttfamily on input line 122.
LaTeX Info: Redefining \rmfamily on input line 122.
LaTeX Info: Redefining \sffamily on input line 122.
LaTeX Info: Redefining \ttfamily on input line 122.
LaTeX Info: Redefining \rmfamily on input line 124.
LaTeX Info: Redefining \sffamily on input line 124.
LaTeX Info: Redefining \ttfamily on input line 124.
LaTeX Info: Redefining \rmfamily on input line 124.
LaTeX Info: Redefining \sffamily on input line 124.
LaTeX Info: Redefining \ttfamily on input line 124.
LaTeX Info: Redefining \rmfamily on input line 126.
LaTeX Info: Redefining \sffamily on input line 126.
LaTeX Info: Redefining \ttfamily on input line 126.
LaTeX Info: Redefining \rmfamily on input line 126.
LaTeX Info: Redefining \sffamily on input line 126.
LaTeX Info: Redefining \ttfamily on input line 126.
LaTeX Font Info:    Font shape `TU/Arial(0)/m/n' will be
(Font)              scaled to size 6.64929pt on input line 126.
LaTeX Font Info:    Font shape `TU/Arial(0)/m/n' will be
(Font)              scaled to size 7.48045pt on input line 126.
LaTeX Font Info:    External font `lmex10' loaded for size
(Font)              <9> on input line 126.
LaTeX Font Info:    External font `lmex10' loaded for size
(Font)              <5> on input line 126.
LaTeX Font Info:    Font shape `TU/Arial(0)/m/n' will be
(Font)              scaled to size 4.98697pt on input line 126.
LaTeX Info: Redefining \rmfamily on input line 126.
LaTeX Info: Redefining \sffamily on input line 126.
LaTeX Info: Redefining \ttfamily on input line 126.
LaTeX Info: Redefining \rmfamily on input line 126.
LaTeX Info: Redefining \sffamily on input line 126.
LaTeX Info: Redefining \ttfamily on input line 126.
LaTeX Info: Redefining \rmfamily on input line 126.
LaTeX Info: Redefining \sffamily on input line 126.
LaTeX Info: Redefining \ttfamily on input line 126.
LaTeX Info: Redefining \rmfamily on input line 126.
LaTeX Info: Redefining \sffamily on input line 126.
LaTeX Info: Redefining \ttfamily on input line 126.
LaTeX Info: Redefining \rmfamily on input line 126.
LaTeX Info: Redefining \sffamily on input line 126.
LaTeX Info: Redefining \ttfamily on input line 126.
LaTeX Info: Redefining \rmfamily on input line 126.
LaTeX Info: Redefining \sffamily on input line 126.
LaTeX Info: Redefining \ttfamily on input line 126.
LaTeX Info: Redefining \rmfamily on input line 126.
LaTeX Info: Redefining \sffamily on input line 126.
LaTeX Info: Redefining \ttfamily on input line 126.
 [4]
LaTeX Font Info:    Font shape `TU/Arial(0)/b/n' will be
(Font)              scaled to size 9.10121pt on input line 129.
LaTeX Info: Redefining \rmfamily on input line 129.
LaTeX Info: Redefining \sffamily on input line 129.
LaTeX Info: Redefining \ttfamily on input line 129.
LaTeX Info: Redefining \rmfamily on input line 129.
LaTeX Info: Redefining \sffamily on input line 129.
LaTeX Info: Redefining \ttfamily on input line 129.
LaTeX Info: Redefining \rmfamily on input line 129.
LaTeX Info: Redefining \sffamily on input line 129.
LaTeX Info: Redefining \ttfamily on input line 129.
LaTeX Info: Redefining \rmfamily on input line 131.
LaTeX Info: Redefining \sffamily on input line 131.
LaTeX Info: Redefining \ttfamily on input line 131.
LaTeX Info: Redefining \rmfamily on input line 131.
LaTeX Info: Redefining \sffamily on input line 131.
LaTeX Info: Redefining \ttfamily on input line 131.
LaTeX Info: Redefining \rmfamily on input line 131.
LaTeX Info: Redefining \sffamily on input line 131.
LaTeX Info: Redefining \ttfamily on input line 131.
LaTeX Info: Redefining \rmfamily on input line 133.
LaTeX Info: Redefining \sffamily on input line 133.
LaTeX Info: Redefining \ttfamily on input line 133.
LaTeX Info: Redefining \rmfamily on input line 133.
LaTeX Info: Redefining \sffamily on input line 133.
LaTeX Info: Redefining \ttfamily on input line 133.
LaTeX Info: Redefining \rmfamily on input line 133.
LaTeX Info: Redefining \sffamily on input line 133.
LaTeX Info: Redefining \ttfamily on input line 133.
LaTeX Info: Redefining \rmfamily on input line 135.
LaTeX Info: Redefining \sffamily on input line 135.
LaTeX Info: Redefining \ttfamily on input line 135.
LaTeX Info: Redefining \rmfamily on input line 136.
LaTeX Info: Redefining \sffamily on input line 136.
LaTeX Info: Redefining \ttfamily on input line 136.
LaTeX Info: Redefining \rmfamily on input line 136.
LaTeX Info: Redefining \sffamily on input line 136.
LaTeX Info: Redefining \ttfamily on input line 136.
LaTeX Info: Redefining \rmfamily on input line 136.
LaTeX Info: Redefining \sffamily on input line 136.
LaTeX Info: Redefining \ttfamily on input line 136.
LaTeX Info: Redefining \rmfamily on input line 136.
LaTeX Info: Redefining \sffamily on input line 136.
LaTeX Info: Redefining \ttfamily on input line 136.
LaTeX Info: Redefining \rmfamily on input line 136.
LaTeX Info: Redefining \sffamily on input line 136.
LaTeX Info: Redefining \ttfamily on input line 136.
LaTeX Info: Redefining \rmfamily on input line 136.
LaTeX Info: Redefining \sffamily on input line 136.
LaTeX Info: Redefining \ttfamily on input line 136.
LaTeX Info: Redefining \rmfamily on input line 138.
LaTeX Info: Redefining \sffamily on input line 138.
LaTeX Info: Redefining \ttfamily on input line 138.
LaTeX Info: Redefining \rmfamily on input line 139.
LaTeX Info: Redefining \sffamily on input line 139.
LaTeX Info: Redefining \ttfamily on input line 139.
LaTeX Info: Redefining \rmfamily on input line 139.
LaTeX Info: Redefining \sffamily on input line 139.
LaTeX Info: Redefining \ttfamily on input line 139.
LaTeX Info: Redefining \rmfamily on input line 139.
LaTeX Info: Redefining \sffamily on input line 139.
LaTeX Info: Redefining \ttfamily on input line 139.
LaTeX Info: Redefining \rmfamily on input line 139.
LaTeX Info: Redefining \sffamily on input line 139.
LaTeX Info: Redefining \ttfamily on input line 139.
LaTeX Info: Redefining \rmfamily on input line 139.
LaTeX Info: Redefining \sffamily on input line 139.
LaTeX Info: Redefining \ttfamily on input line 139.
 [5]
LaTeX Info: Redefining \rmfamily on input line 141.
LaTeX Info: Redefining \sffamily on input line 141.
LaTeX Info: Redefining \ttfamily on input line 141.


Package hyperref Warning: Token not allowed in a PDF string (Unicode):
(hyperref)                removing `\textenglish' on input line 141.

LaTeX Info: Redefining \rmfamily on input line 143.
LaTeX Info: Redefining \sffamily on input line 143.
LaTeX Info: Redefining \ttfamily on input line 143.
LaTeX Info: Redefining \rmfamily on input line 143.
LaTeX Info: Redefining \sffamily on input line 143.
LaTeX Info: Redefining \ttfamily on input line 143.
LaTeX Info: Redefining \rmfamily on input line 143.
LaTeX Info: Redefining \sffamily on input line 143.
LaTeX Info: Redefining \ttfamily on input line 143.
LaTeX Info: Redefining \rmfamily on input line 143.
LaTeX Info: Redefining \sffamily on input line 143.
LaTeX Info: Redefining \ttfamily on input line 143.
LaTeX Info: Redefining \rmfamily on input line 143.
LaTeX Info: Redefining \sffamily on input line 143.
LaTeX Info: Redefining \ttfamily on input line 143.
LaTeX Info: Redefining \rmfamily on input line 143.
LaTeX Info: Redefining \sffamily on input line 143.
LaTeX Info: Redefining \ttfamily on input line 143.
File: config.png Graphic file (type bmp)
<config.png>
LaTeX Info: Redefining \rmfamily on input line 147.
LaTeX Info: Redefining \sffamily on input line 147.
LaTeX Info: Redefining \ttfamily on input line 147.
LaTeX Info: Redefining \rmfamily on input line 147.
LaTeX Info: Redefining \sffamily on input line 147.
LaTeX Info: Redefining \ttfamily on input line 147.
LaTeX Info: Redefining \rmfamily on input line 150.
LaTeX Info: Redefining \sffamily on input line 150.
LaTeX Info: Redefining \ttfamily on input line 150.
LaTeX Info: Redefining \rmfamily on input line 150.
LaTeX Info: Redefining \sffamily on input line 150.
LaTeX Info: Redefining \ttfamily on input line 150.
LaTeX Info: Redefining \rmfamily on input line 151.
LaTeX Info: Redefining \sffamily on input line 151.
LaTeX Info: Redefining \ttfamily on input line 151.
LaTeX Info: Redefining \rmfamily on input line 151.
LaTeX Info: Redefining \sffamily on input line 151.
LaTeX Info: Redefining \ttfamily on input line 151.
LaTeX Info: Redefining \rmfamily on input line 152.
LaTeX Info: Redefining \sffamily on input line 152.
LaTeX Info: Redefining \ttfamily on input line 152.
LaTeX Info: Redefining \rmfamily on input line 152.
LaTeX Info: Redefining \sffamily on input line 152.
LaTeX Info: Redefining \ttfamily on input line 152.
LaTeX Info: Redefining \rmfamily on input line 152.
LaTeX Info: Redefining \sffamily on input line 152.
LaTeX Info: Redefining \ttfamily on input line 152.
File: backtesting.png Graphic file (type bmp)
<backtesting.png>

Overfull \hbox (57.84932pt too wide) in paragraph at lines 150--157
[]\TU/Arial(0)/m/n/10.95   [][]\TU/lmr/m/n/10.95 backtest($\OMS/lmsy/m/n/10.95 ^^A$\TU/lmr/m/n/10.95 )[][]\TU/Arial(0)/m/n/10.95 .  [][]\TU/lmr/m/n/10.95 backtest($\OMS/lmsy/m/n/10.95 ^^A$\TU/lmr/m/n/10.95 )[] []\TU/Arial(0)/m/n/10.95         [][]\TU/lmr/m/n/10.95 evaluate_strategy($\OMS/lmsy/m/n/10.95 ^^A$\TU/lmr/m/n/10.95 )[][]
 []

[6]
LaTeX Info: Redefining \rmfamily on input line 158.
LaTeX Info: Redefining \sffamily on input line 158.
LaTeX Info: Redefining \ttfamily on input line 158.
LaTeX Info: Redefining \rmfamily on input line 158.
LaTeX Info: Redefining \sffamily on input line 158.
LaTeX Info: Redefining \ttfamily on input line 158.
LaTeX Info: Redefining \rmfamily on input line 159.
LaTeX Info: Redefining \sffamily on input line 159.
LaTeX Info: Redefining \ttfamily on input line 159.
LaTeX Info: Redefining \rmfamily on input line 159.
LaTeX Info: Redefining \sffamily on input line 159.
LaTeX Info: Redefining \ttfamily on input line 159.
File: flow_chart.png Graphic file (type bmp)
<flow_chart.png>
LaTeX Info: Redefining \rmfamily on input line 167.
LaTeX Info: Redefining \sffamily on input line 167.
LaTeX Info: Redefining \ttfamily on input line 167.
LaTeX Info: Redefining \rmfamily on input line 167.
LaTeX Info: Redefining \sffamily on input line 167.
LaTeX Info: Redefining \ttfamily on input line 167.
LaTeX Info: Redefining \rmfamily on input line 169.
LaTeX Info: Redefining \sffamily on input line 169.
LaTeX Info: Redefining \ttfamily on input line 169.
LaTeX Info: Redefining \rmfamily on input line 169.
LaTeX Info: Redefining \sffamily on input line 169.
LaTeX Info: Redefining \ttfamily on input line 169.
LaTeX Info: Redefining \rmfamily on input line 169.
LaTeX Info: Redefining \sffamily on input line 169.
LaTeX Info: Redefining \ttfamily on input line 169.
LaTeX Info: Redefining \rmfamily on input line 169.
LaTeX Info: Redefining \sffamily on input line 169.
LaTeX Info: Redefining \ttfamily on input line 169.
LaTeX Info: Redefining \rmfamily on input line 169.
LaTeX Info: Redefining \sffamily on input line 169.
LaTeX Info: Redefining \ttfamily on input line 169.
LaTeX Info: Redefining \rmfamily on input line 170.
LaTeX Info: Redefining \sffamily on input line 170.
LaTeX Info: Redefining \ttfamily on input line 170.
LaTeX Info: Redefining \rmfamily on input line 170.
LaTeX Info: Redefining \sffamily on input line 170.
LaTeX Info: Redefining \ttfamily on input line 170.

Overfull \hbox (0.36949pt too wide) in paragraph at lines 169--171
[]\TU/Arial(0)/m/n/10.95             .     [][]\TU/lmr/m/n/10.95 config.json[][]
 []

[7]
LaTeX Info: Redefining \rmfamily on input line 172.
LaTeX Info: Redefining \sffamily on input line 172.
LaTeX Info: Redefining \ttfamily on input line 172.
LaTeX Info: Redefining \rmfamily on input line 172.
LaTeX Info: Redefining \sffamily on input line 172.
LaTeX Info: Redefining \ttfamily on input line 172.
LaTeX Info: Redefining \rmfamily on input line 174.
LaTeX Info: Redefining \sffamily on input line 174.
LaTeX Info: Redefining \ttfamily on input line 174.
LaTeX Info: Redefining \rmfamily on input line 175.
LaTeX Info: Redefining \sffamily on input line 175.
LaTeX Info: Redefining \ttfamily on input line 175.
LaTeX Info: Redefining \rmfamily on input line 176.
LaTeX Info: Redefining \sffamily on input line 176.
LaTeX Info: Redefining \ttfamily on input line 176.
LaTeX Info: Redefining \rmfamily on input line 177.
LaTeX Info: Redefining \sffamily on input line 177.
LaTeX Info: Redefining \ttfamily on input line 177.
LaTeX Info: Redefining \rmfamily on input line 178.
LaTeX Info: Redefining \sffamily on input line 178.
LaTeX Info: Redefining \ttfamily on input line 178.
File: Results_output.jpeg Graphic file (type bmp)
<Results_output.jpeg>

Overfull \hbox (17.5989pt too wide) in paragraph at lines 185--186
 [][][][][][] 
 []

LaTeX Font Info:    Font shape `TU/Arial(0)/m/n' will be
(Font)              scaled to size 8.31161pt on input line 186.
LaTeX Info: Redefining \rmfamily on input line 186.
LaTeX Info: Redefining \sffamily on input line 186.
LaTeX Info: Redefining \ttfamily on input line 186.
LaTeX Info: Redefining \rmfamily on input line 186.
LaTeX Info: Redefining \sffamily on input line 186.
LaTeX Info: Redefining \ttfamily on input line 186.
File: Results_ouput2.jpeg Graphic file (type bmp)
<Results_ouput2.jpeg>

Overfull \hbox (27.41281pt too wide) in paragraph at lines 192--193
 [][][][][][] 
 []

LaTeX Info: Redefining \rmfamily on input line 193.
LaTeX Info: Redefining \sffamily on input line 193.
LaTeX Info: Redefining \ttfamily on input line 193.
LaTeX Info: Redefining \rmfamily on input line 193.
LaTeX Info: Redefining \sffamily on input line 193.
LaTeX Info: Redefining \ttfamily on input line 193.
File: backtesting1.png Graphic file (type bmp)
<backtesting1.png>
[8]
LaTeX Info: Redefining \rmfamily on input line 208.
LaTeX Info: Redefining \sffamily on input line 208.
LaTeX Info: Redefining \ttfamily on input line 208.
LaTeX Info: Redefining \rmfamily on input line 209.
LaTeX Info: Redefining \sffamily on input line 209.
LaTeX Info: Redefining \ttfamily on input line 209.
LaTeX Info: Redefining \rmfamily on input line 210.
LaTeX Info: Redefining \sffamily on input line 210.
LaTeX Info: Redefining \ttfamily on input line 210.
 [9] (./main.aux)
 ***********
LaTeX2e <2023-11-01> patch level 1
L3 programming layer <2024-02-20>
 ***********
Package rerunfilecheck Info: File `main.out' has not changed.
(rerunfilecheck)             Checksum: 75806A666756E20B09E2715F5664F6DC;2030.
 ) 
Here is how much of TeX's memory you used:
 29013 strings out of 474773
 608541 string characters out of 5757724
 1930839 words of memory out of 5000000
 50586 multiletter control sequences out of 15000+600000
 585929 words of font info for 97 fonts, out of 8000000 for 9000
 1348 hyphenation exceptions out of 8191
 93i,8n,119p,1301b,968s stack positions out of 10000i,1000n,20000p,200000b,200000s

Output written on main.pdf (9 pages).
